#
# A fatal error has been detected by the Java Runtime Environment:
#
#  EXCEPTION_ACCESS_VIOLATION (0xc0000005) at pc=0x620489a0, pid=5032, tid=1376
#
# JRE version: 7.0_03-b05
# Java VM: Java HotSpot(TM) Client VM (22.1-b02 mixed mode windows-x86 )
# Problematic frame:
# V  [jvm.dll+0xa89a0]
#
# Failed to write core dump. Minidumps are not enabled by default on client versions of Windows
#
# If you would like to submit a bug report, please visit:
#   http://bugreport.sun.com/bugreport/crash.jsp
#

---------------  T H R E A D  ---------------

Current thread (0x4a124400):  JavaThread "J3D-Renderer-1" [_thread_in_vm, id=1376, stack(0x4a5c0000,0x4a610000)]

siginfo: ExceptionCode=0xc0000005, reading address 0x00000000

Registers:
EAX=0x00000000, EBX=0x4a124528, ECX=0x00000001, EDX=0x00000000
ESP=0x4a60ee94, EBP=0x4a60eea8, ESI=0x4a124400, EDI=0x00002000
EIP=0x620489a0, EFLAGS=0x00010246

Top of Stack: (sp=0x4a60ee94)
0x4a60ee94:   62269b78 4a124400 00000000 4a60eecc
0x4a60eea4:   43906188 4a60ef74 0122d146 00000001
0x4a60eeb4:   00000000 00000000 4a124400 43ad95d8
0x4a60eec4:   4a60ef74 43ad95d8 038583b0 62269b78
0x4a60eed4:   0122da46 4a124500 4c3b8d58 00000de1
0x4a60eee4:   0000000b 00000000 00000006 00000200
0x4a60eef4:   00000400 00000400 00000000 00002000
0x4a60ef04:   00000000 00000000 0184a5b7 4a124528 

Instructions: (pc=0x620489a0)
0x62048980:   74 01 f0 83 02 01 eb 05 e8 d3 de fb ff 8b 45 10
0x62048990:   ff 86 98 01 00 00 85 c0 74 03 c6 00 00 8b 55 0c
0x620489a0:   8b 0a 8b 41 04 8b 40 0c 3d 00 00 00 c0 7c 19 c1
0x620489b0:   f8 08 25 ff 00 00 00 83 f8 07 74 05 83 f8 0b 75 


Register to memory mapping:

EAX=0x00000000 is an unknown value
EBX=0x4a124528 is an unknown value
ECX=0x00000001 is an unknown value
EDX=0x00000000 is an unknown value
ESP=0x4a60ee94 is pointing into the stack for thread: 0x4a124400
EBP=0x4a60eea8 is pointing into the stack for thread: 0x4a124400
ESI=0x4a124400 is a thread
EDI=0x00002000 is an unknown value


Stack: [0x4a5c0000,0x4a610000],  sp=0x4a60ee94,  free space=315k
Native frames: (J=compiled Java code, j=interpreted, Vv=VM code, C=native code)
V  [jvm.dll+0xa89a0]
C  [j3dcore-ogl.dll+0xd146]  Java_javax_media_j3d_NativePipeline_resetTextureNative+0x346
j  javax.media.j3d.NativePipeline.updateTexture2DImage(Ljavax/media/j3d/Context;IIIIIIIILjava/lang/Object;Z)V+24
j  javax.media.j3d.TextureRetained.updateTextureImage(Ljavax/media/j3d/Canvas3D;IIIIIIIIILjava/lang/Object;)V+29
j  javax.media.j3d.TextureRetained.reloadTextureImage(Ljavax/media/j3d/Canvas3D;IILjavax/media/j3d/ImageComponentRetained;I)V+75
j  javax.media.j3d.TextureRetained.reloadTexture(Ljavax/media/j3d/Canvas3D;)V+98
j  javax.media.j3d.TextureRetained.updateNative(Ljavax/media/j3d/Canvas3D;)V+259
j  javax.media.j3d.TextureUnitStateRetained.updateNative(ILjavax/media/j3d/Canvas3D;ZZ)V+125
j  javax.media.j3d.TextureBin.updateAttributes(Ljavax/media/j3d/Canvas3D;)V+300
j  javax.media.j3d.Canvas3D.updateState(I)V+32
j  javax.media.j3d.VertexArrayRenderMethod.render(Ljavax/media/j3d/RenderMolecule;Ljavax/media/j3d/Canvas3D;Ljavax/media/j3d/RenderAtomListInfo;I)Z+157
j  javax.media.j3d.RenderMolecule.render(Ljavax/media/j3d/Canvas3D;II)Z+376
j  javax.media.j3d.TextureBin.renderList(Ljavax/media/j3d/Canvas3D;ILjavax/media/j3d/RenderMolecule;)V+63
j  javax.media.j3d.TextureBin.renderList(Ljavax/media/j3d/Canvas3D;ILjava/lang/Object;)V+32
j  javax.media.j3d.TextureBin.render(Ljavax/media/j3d/Canvas3D;Ljava/lang/Object;)V+92
j  javax.media.j3d.TextureBin.render(Ljavax/media/j3d/Canvas3D;)V+6
j  javax.media.j3d.ShaderBin.render(Ljavax/media/j3d/Canvas3D;)V+18
j  javax.media.j3d.AttributeBin.render(Ljavax/media/j3d/Canvas3D;)V+82
j  javax.media.j3d.EnvironmentSet.render(Ljavax/media/j3d/Canvas3D;)V+17
J  javax.media.j3d.Renderer.doWork(J)V
v  ~StubRoutines::call_stub
V  [jvm.dll+0x123c0a]
V  [jvm.dll+0x1c9e8e]
V  [jvm.dll+0x123df3]
V  [jvm.dll+0x123e57]
V  [jvm.dll+0xcd90f]
V  [jvm.dll+0x14394f]
V  [jvm.dll+0x1720b9]
C  [msvcr100.dll+0x5c6de]  endthreadex+0x3a
C  [msvcr100.dll+0x5c788]  endthreadex+0xe4
C  [kernel32.dll+0x4ed6c]  BaseThreadInitThunk+0x12
C  [ntdll.dll+0x6377b]  RtlInitializeExceptionChain+0xef
C  [ntdll.dll+0x6374e]  RtlInitializeExceptionChain+0xc2

Java frames: (J=compiled Java code, j=interpreted, Vv=VM code)
j  javax.media.j3d.NativePipeline.updateTexture2DImage(JIIIIIIIILjava/lang/Object;Z)V+0
j  javax.media.j3d.NativePipeline.updateTexture2DImage(Ljavax/media/j3d/Context;IIIIIIIILjava/lang/Object;Z)V+24
j  javax.media.j3d.TextureRetained.updateTextureImage(Ljavax/media/j3d/Canvas3D;IIIIIIIIILjava/lang/Object;)V+29
j  javax.media.j3d.TextureRetained.reloadTextureImage(Ljavax/media/j3d/Canvas3D;IILjavax/media/j3d/ImageComponentRetained;I)V+75
j  javax.media.j3d.TextureRetained.reloadTexture(Ljavax/media/j3d/Canvas3D;)V+98
j  javax.media.j3d.TextureRetained.updateNative(Ljavax/media/j3d/Canvas3D;)V+259
j  javax.media.j3d.TextureUnitStateRetained.updateNative(ILjavax/media/j3d/Canvas3D;ZZ)V+125
j  javax.media.j3d.TextureBin.updateAttributes(Ljavax/media/j3d/Canvas3D;)V+300
j  javax.media.j3d.Canvas3D.updateState(I)V+32
j  javax.media.j3d.VertexArrayRenderMethod.render(Ljavax/media/j3d/RenderMolecule;Ljavax/media/j3d/Canvas3D;Ljavax/media/j3d/RenderAtomListInfo;I)Z+157
j  javax.media.j3d.RenderMolecule.render(Ljavax/media/j3d/Canvas3D;II)Z+376
j  javax.media.j3d.TextureBin.renderList(Ljavax/media/j3d/Canvas3D;ILjavax/media/j3d/RenderMolecule;)V+63
j  javax.media.j3d.TextureBin.renderList(Ljavax/media/j3d/Canvas3D;ILjava/lang/Object;)V+32
j  javax.media.j3d.TextureBin.render(Ljavax/media/j3d/Canvas3D;Ljava/lang/Object;)V+92
j  javax.media.j3d.TextureBin.render(Ljavax/media/j3d/Canvas3D;)V+6
j  javax.media.j3d.ShaderBin.render(Ljavax/media/j3d/Canvas3D;)V+18
j  javax.media.j3d.AttributeBin.render(Ljavax/media/j3d/Canvas3D;)V+82
j  javax.media.j3d.EnvironmentSet.render(Ljavax/media/j3d/Canvas3D;)V+17
J  javax.media.j3d.Renderer.doWork(J)V
j  javax.media.j3d.J3dThread.run()V+19
v  ~StubRoutines::call_stub

---------------  P R O C E S S  ---------------

Java Threads: ( => current thread )
  0x4a320000 JavaThread "DestroyJavaVM" [_thread_blocked, id=2224, stack(0x01250000,0x012a0000)]
  0x4a31f400 JavaThread "TimerQueue" daemon [_thread_blocked, id=4936, stack(0x50450000,0x504a0000)]
  0x4a31f000 JavaThread "J3D-InputDeviceScheduler-1" [_thread_blocked, id=5432, stack(0x4fbc0000,0x4fc10000)]
  0x4a31e800 JavaThread "J3D-SoundSchedulerUpdateThread-1" [_thread_blocked, id=4888, stack(0x4f770000,0x4f7c0000)]
  0x4a31e400 JavaThread "J3D-RenderStructureUpdateThread-1" [_thread_blocked, id=2040, stack(0x4ec60000,0x4ecb0000)]
  0x4a31dc00 JavaThread "J3D-BehaviorScheduler-1" [_thread_blocked, id=6092, stack(0x4fb70000,0x4fbc0000)]
  0x4a31d400 JavaThread "J3D-TransformStructureUpdateThread-1" [_thread_blocked, id=5632, stack(0x4fb00000,0x4fb50000)]
  0x4a31d000 JavaThread "J3D-RenderingEnvironmentStructureUpdateThread-1" [_thread_blocked, id=4488, stack(0x4f9d0000,0x4fa20000)]
  0x4a31c800 JavaThread "J3D-SoundStructureUpdateThread-1" [_thread_blocked, id=5680, stack(0x4ee30000,0x4ee80000)]
  0x4a31c400 JavaThread "Swing-Shell" daemon [_thread_blocked, id=5888, stack(0x4fa40000,0x4fa90000)]
  0x4a31bc00 JavaThread "J3D-GeometryStructureUpdateThread-1" [_thread_blocked, id=2708, stack(0x4f900000,0x4f950000)]
  0x4a31b800 JavaThread "J3D-BehaviorStructureUpdateThread-1" [_thread_blocked, id=4340, stack(0x4f1e0000,0x4f230000)]
  0x4a2e9400 JavaThread "D3D Screen Updater" daemon [_thread_blocked, id=5000, stack(0x4f080000,0x4f0d0000)]
  0x4a120c00 JavaThread "AWT-EventQueue-0" [_thread_blocked, id=5048, stack(0x4edc0000,0x4ee10000)]
=>0x4a124400 JavaThread "J3D-Renderer-1" [_thread_in_vm, id=1376, stack(0x4a5c0000,0x4a610000)]
  0x4a108400 JavaThread "J3D-MasterControl-1" [_thread_blocked, id=4140, stack(0x4ecb0000,0x4ed00000)]
  0x4a0fdc00 JavaThread "J3D-NotificationThread" [_thread_blocked, id=4484, stack(0x4d030000,0x4d080000)]
  0x4a0fd400 JavaThread "J3D-TimerThread" [_thread_blocked, id=1696, stack(0x4c140000,0x4c190000)]
  0x4a0e1800 JavaThread "J3D-RenderingAttributesStructureUpdateThread" [_thread_blocked, id=4648, stack(0x4c1b0000,0x4c200000)]
  0x4a0c0400 JavaThread "AWT-Windows" daemon [_thread_in_native, id=4368, stack(0x4c220000,0x4c270000)]
  0x49b70c00 JavaThread "AWT-Shutdown" [_thread_blocked, id=3548, stack(0x4a690000,0x4a6e0000)]
  0x49ba1000 JavaThread "Java2D Disposer" daemon [_thread_blocked, id=3116, stack(0x49e60000,0x49eb0000)]
  0x49a5e400 JavaThread "Service Thread" daemon [_thread_blocked, id=992, stack(0x49ff0000,0x4a040000)]
  0x49a43800 JavaThread "C1 CompilerThread0" daemon [_thread_blocked, id=3080, stack(0x49ce0000,0x49d30000)]
  0x49a40800 JavaThread "Attach Listener" daemon [_thread_blocked, id=1620, stack(0x49ec0000,0x49f10000)]
  0x49a3f400 JavaThread "Signal Dispatcher" daemon [_thread_blocked, id=5444, stack(0x49db0000,0x49e00000)]
  0x499ea000 JavaThread "Finalizer" daemon [_thread_blocked, id=2532, stack(0x49c70000,0x49cc0000)]
  0x499e4400 JavaThread "Reference Handler" daemon [_thread_blocked, id=4412, stack(0x012a0000,0x012f0000)]

Other Threads:
  0x499de400 VMThread [stack: 0x49c00000,0x49c50000] [id=6052]
  0x49a74800 WatcherThread [stack: 0x49f10000,0x49f60000] [id=4400]

VM state:not at safepoint (normal execution)

VM Mutex/Monitor currently owned by a thread: None

Heap
 def new generation   total 78656K, used 62780K [0x03840000, 0x08d90000, 0x18d90000)
  eden space 69952K,  89% used [0x03840000, 0x0758f2c0, 0x07c90000)
  from space 8704K,   0% used [0x07c90000, 0x07c90000, 0x08510000)
  to   space 8704K,   0% used [0x08510000, 0x08510000, 0x08d90000)
 tenured generation   total 174784K, used 0K [0x18d90000, 0x23840000, 0x43840000)
   the space 174784K,   0% used [0x18d90000, 0x18d90000, 0x18d90200, 0x23840000)
 compacting perm gen  total 12288K, used 11984K [0x43840000, 0x44440000, 0x47840000)
   the space 12288K,  97% used [0x43840000, 0x443f4018, 0x443f4200, 0x44440000)
No shared spaces configured.

Code Cache  [0x01840000, 0x01b30000, 0x03840000)
 total_blobs=1200 nmethods=859 adapters=276 free_code_cache=30153Kb largest_free_block=30498304

Dynamic libraries:
0x01330000 - 0x0135f000 	E:\Java\jdk1.7.0_03\bin\javaw.exe
0x76e20000 - 0x76f5c000 	C:\Windows\SYSTEM32\ntdll.dll
0x759f0000 - 0x75ac4000 	C:\Windows\system32\kernel32.dll
0x75260000 - 0x752ab000 	C:\Windows\system32\KERNELBASE.dll
0x752b0000 - 0x75350000 	C:\Windows\system32\ADVAPI32.dll
0x754d0000 - 0x7557c000 	C:\Windows\system32\msvcrt.dll
0x76fb0000 - 0x76fc9000 	C:\Windows\SYSTEM32\sechost.dll
0x756f0000 - 0x75791000 	C:\Windows\system32\RPCRT4.dll
0x75ad0000 - 0x75b99000 	C:\Windows\system32\USER32.dll
0x759a0000 - 0x759ee000 	C:\Windows\system32\GDI32.dll
0x76fa0000 - 0x76faa000 	C:\Windows\system32\LPK.dll
0x75ba0000 - 0x75c3d000 	C:\Windows\system32\USP10.dll
0x73da0000 - 0x73f3e000 	C:\Windows\WinSxS\x86_microsoft.windows.common-controls_6595b64144ccf1df_6.0.7601.17514_none_41e6975e2bd6f2b2\COMCTL32.dll
0x75350000 - 0x753a7000 	C:\Windows\system32\SHLWAPI.dll
0x76000000 - 0x7601f000 	C:\Windows\system32\IMM32.DLL
0x75610000 - 0x756dc000 	C:\Windows\system32\MSCTF.dll
0x6d540000 - 0x6d5fe000 	E:\Java\jdk1.7.0_03\jre\bin\msvcr100.dll
0x61fa0000 - 0x622c8000 	E:\Java\jdk1.7.0_03\jre\bin\client\jvm.dll
0x70d90000 - 0x70d97000 	C:\Windows\system32\WSOCK32.dll
0x75ea0000 - 0x75ed5000 	C:\Windows\system32\WS2_32.dll
0x76f90000 - 0x76f96000 	C:\Windows\system32\NSI.dll
0x72fa0000 - 0x72fd2000 	C:\Windows\system32\WINMM.dll
0x75e90000 - 0x75e95000 	C:\Windows\system32\PSAPI.DLL
0x727e0000 - 0x727ec000 	E:\Java\jdk1.7.0_03\jre\bin\verify.dll
0x727c0000 - 0x727e0000 	E:\Java\jdk1.7.0_03\jre\bin\java.dll
0x727a0000 - 0x727b3000 	E:\Java\jdk1.7.0_03\jre\bin\zip.dll
0x010d0000 - 0x010de000 	E:\Java\workspace\external_jars\external jars\java3d\bin\j3dcore-ogl-chk.dll
0x6d470000 - 0x6d538000 	C:\Windows\system32\OPENGL32.dll
0x72770000 - 0x72792000 	C:\Windows\system32\GLU32.dll
0x67230000 - 0x67317000 	C:\Windows\system32\DDRAW.dll
0x727f0000 - 0x727f6000 	C:\Windows\system32\DCIMAN32.dll
0x75800000 - 0x7599d000 	C:\Windows\system32\SETUPAPI.dll
0x750c0000 - 0x750e7000 	C:\Windows\system32\CFGMGR32.dll
0x75c40000 - 0x75ccf000 	C:\Windows\system32\OLEAUT32.dll
0x76070000 - 0x761cc000 	C:\Windows\system32\ole32.dll
0x75240000 - 0x75252000 	C:\Windows\system32\DEVOBJ.dll
0x738f0000 - 0x73903000 	C:\Windows\system32\dwmapi.dll
0x011a0000 - 0x011a8000 	C:\Program Files\Logitech\SetPoint\IMHook.dll
0x6c3e0000 - 0x6c47b000 	C:\Windows\WinSxS\x86_microsoft.vc80.crt_1fc8b3b9a1e18e3b_8.0.50727.6195_none_d09154e044272b9a\MSVCR80.dll
0x74450000 - 0x74471000 	C:\Windows\system32\ntmarta.dll
0x76020000 - 0x76065000 	C:\Windows\system32\WLDAP32.dll
0x011d0000 - 0x011de000 	C:\Program Files\Logitech\SetPoint\lgscroll.dll
0x5fb70000 - 0x60f17000 	C:\Windows\system32\nvoglv32.DLL
0x761d0000 - 0x76e1a000 	C:\Windows\system32\SHELL32.dll
0x74550000 - 0x74559000 	C:\Windows\system32\VERSION.dll
0x66760000 - 0x668a2000 	E:\Java\jdk1.7.0_03\jre\bin\awt.dll
0x74f30000 - 0x74f3c000 	C:\Windows\system32\CRYPTBASE.dll
0x72730000 - 0x72736000 	E:\Java\jdk1.7.0_03\jre\bin\jawt.dll
0x01220000 - 0x01249000 	E:\Java\workspace\external_jars\external jars\java3d\bin\j3dcore-ogl.dll
0x66590000 - 0x66753000 	C:\Windows\system32\d3d9.dll
0x72760000 - 0x72766000 	C:\Windows\system32\d3d8thk.dll
0x5dba0000 - 0x5ea0f000 	C:\Windows\system32\nvd3dum.dll
0x73690000 - 0x736b5000 	C:\Windows\system32\powrprof.dll
0x4cec0000 - 0x4cfca000 	C:\Program Files\NVIDIA Corporation\3D Vision\nvSCPAPI.dll
0x70ab0000 - 0x70d33000 	C:\Windows\system32\nvapi.dll
0x75210000 - 0x7523d000 	C:\Windows\system32\WINTRUST.dll
0x750f0000 - 0x7520e000 	C:\Windows\system32\CRYPT32.dll
0x75020000 - 0x7502c000 	C:\Windows\system32\MSASN1.dll
0x726d0000 - 0x726fa000 	E:\Java\jdk1.7.0_03\jre\bin\fontmanager.dll
0x72710000 - 0x72724000 	E:\Java\jdk1.7.0_03\jre\bin\net.dll
0x74a10000 - 0x74a4c000 	C:\Windows\system32\mswsock.dll
0x74a00000 - 0x74a06000 	C:\Windows\System32\wship6.dll
0x72700000 - 0x7270f000 	E:\Java\jdk1.7.0_03\jre\bin\nio.dll
0x6ef70000 - 0x6efa1000 	E:\Java\jdk1.7.0_03\jre\bin\t2k.dll
0x75580000 - 0x75603000 	C:\Windows\system32\CLBCatQ.DLL
0x70a20000 - 0x70aa4000 	C:\Windows\WinSxS\x86_microsoft.windows.common-controls_6595b64144ccf1df_5.82.7601.17514_none_ec83dffa859149af\comctl32.dll
0x74ee0000 - 0x74f2c000 	C:\Windows\system32\apphelp.dll
0x6c4e0000 - 0x6c678000 	C:\Windows\system32\NetworkExplorer.dll
0x73c60000 - 0x73d55000 	C:\Windows\system32\PROPSYS.dll
0x6ca70000 - 0x6ca9f000 	C:\Windows\System32\shdocvw.dll
0x74fb0000 - 0x74fbb000 	C:\Windows\system32\profapi.dll
0x72e70000 - 0x72e7a000 	C:\Windows\system32\slc.dll
0x6d0d0000 - 0x6d0e2000 	C:\Windows\system32\MPR.dll
0x6c4d0000 - 0x6c4d8000 	C:\Windows\System32\drprov.dll
0x74650000 - 0x74679000 	C:\Windows\System32\WINSTA.dll
0x6c4b0000 - 0x6c4c4000 	C:\Windows\System32\ntlanman.dll
0x6c490000 - 0x6c4a7000 	C:\Windows\System32\davclnt.dll
0x6c480000 - 0x6c488000 	C:\Windows\System32\DAVHLPR.dll
0x73420000 - 0x7342f000 	C:\Windows\system32\wkscli.dll
0x6dbb0000 - 0x6dbbb000 	C:\Windows\system32\cscapi.dll
0x73430000 - 0x73439000 	C:\Windows\system32\netutils.dll
0x65b40000 - 0x65d78000 	C:\Windows\system32\wpdshext.dll
0x73a90000 - 0x73c20000 	C:\Windows\WinSxS\x86_microsoft.windows.gdiplus_6595b64144ccf1df_1.1.7601.17825_none_72d273598668a06b\gdiplus.dll
0x6d8f0000 - 0x6d979000 	C:\Windows\system32\PortableDeviceApi.dll
0x72840000 - 0x7287f000 	C:\Windows\system32\audiodev.dll
0x668b0000 - 0x66b17000 	C:\Windows\system32\WMVCore.DLL
0x72800000 - 0x7283d000 	C:\Windows\system32\WMASF.DLL
0x6cbc0000 - 0x6cbf1000 	C:\Windows\system32\EhStorShell.dll
0x72690000 - 0x726b2000 	C:\Windows\system32\EhStorAPI.dll
0x6c6a0000 - 0x6c6a9000 	C:\Windows\system32\LINKINFO.dll
0x72cb0000 - 0x72de0000 	C:\Windows\system32\WindowsCodecs.dll
0x6cb50000 - 0x6cbba000 	C:\Windows\System32\cscui.dll
0x6ce50000 - 0x6ce59000 	C:\Windows\System32\CSCDLL.dll
0x6bc70000 - 0x6bce0000 	C:\Windows\system32\ntshrui.dll
0x74c40000 - 0x74c59000 	C:\Windows\system32\srvcli.dll

VM Arguments:
jvm_args: -Xmx1024m -Xms256m -Djava.library.path=E:\Java\workspace\external_jars\external jars\java3d\bin -Dfile.encoding=Cp1252 
java_command: nif.gui.NifDisplayTester
Launcher Type: SUN_STANDARD

Environment Variables:
JAVA_HOME=E:\Java\jdk1.7.0_03
PATH=C:/Program Files/Java/jre7/bin/client;C:/Program Files/Java/jre7/bin;C:/Program Files/Java/jre7/lib/i386;C:\Program Files\NVIDIA Corporation\PhysX\Common;C:\Program Files\Common Files\Microsoft Shared\Windows Live;C:\Windows\system32;C:\Windows;C:\Windows\System32\Wbem;C:\Windows\System32\WindowsPowerShell\v1.0\;C:\Program Files\Common Files\Autodesk Shared\;C:\Program Files\Windows Live\Shared;C:\Program Files\Smart Projects\IsoBuster;C:\Program Files\Common Files\Adobe\AGL;C:\Program Files\eclipse;
USERNAME=philip
OS=Windows_NT
PROCESSOR_IDENTIFIER=x86 Family 16 Model 10 Stepping 0, AuthenticAMD



---------------  S Y S T E M  ---------------

OS: Windows 7 Build 7601 Service Pack 1

CPU:total 6 (6 cores per cpu, 1 threads per core) family 16 model 10 stepping 0, cmov, cx8, fxsr, mmx, sse, sse2, sse3, popcnt, mmxext, 3dnowpref, lzcnt, sse4a

Memory: 4k page, physical 3405048k(1608228k free), swap 6808344k(4642924k free)

vm_info: Java HotSpot(TM) Client VM (22.1-b02) for windows-x86 JRE (1.7.0_03-b05), built on Feb  3 2012 20:43:37 by "java_re" with unknown MS VC++:1600

time: Wed Jun 26 21:57:33 2013
elapsed time: 8 seconds

